2018-04-27T19:41:50.849Z - info: Initializing jsreport@1.10.0 in development mode using configuration file: jsreport.config.json
2018-04-27T19:41:50.881Z - info: Setting process based strategy for rendering. Please visit http://jsreport.net/learn/configuration for information how to get more performance.
2018-04-27T19:41:50.945Z - info: Searching for available extensions in C:\Users\QCompany\
2018-04-27T19:41:50.975Z - info: Extensions location cache not found, crawling directories
2018-04-27T19:55:19.584Z - info: Found 30 extensions
2018-04-27T19:55:19.852Z - info: Using extension import-export
2018-04-27T19:55:25.944Z - info: Using extension tags
2018-04-27T19:55:26.418Z - info: Using extension templates
2018-04-27T19:55:26.600Z - info: Using extension jsrender
2018-04-27T19:55:26.612Z - info: Using extension cli
2018-04-27T19:55:26.633Z - info: Using extension handlebars
2018-04-27T19:55:26.678Z - info: Using extension debug
2018-04-27T19:55:26.710Z - info: Using extension express
2018-04-27T19:55:30.250Z - info: Using extension fop-pdf
2018-04-27T19:55:31.005Z - info: Using extension phantom-pdf
2018-04-27T19:55:32.419Z - info: Using extension fs-store
2018-04-27T19:55:40.414Z - info: Using extension authorization
2018-04-27T19:55:41.098Z - info: Using extension images
2018-04-27T19:55:41.800Z - info: Using extension child-templates
2018-04-27T19:55:41.865Z - info: Using extension browser-client
2018-04-27T19:55:41.926Z - info: Using extension licensing
2018-04-27T19:55:44.316Z - info: Using extension data
2018-04-27T19:55:44.925Z - info: Using extension text
2018-04-27T19:55:44.947Z - info: Using extension reports
2018-04-27T19:55:45.694Z - info: Using extension resources
2018-04-27T19:55:46.290Z - info: Using extension base
2018-04-27T19:55:46.305Z - info: Using extension studio
2018-04-27T19:55:48.162Z - info: Using extension html-to-xlsx
2018-04-27T19:55:50.485Z - info: Using extension scripts
2018-04-27T19:55:51.136Z - info: Using extension assets
2018-04-27T19:55:51.293Z - info: Using extension scheduling
2018-04-27T19:55:51.871Z - info: Using extension xlsx
2018-04-27T19:55:57.054Z - info: Using extension sample-template
2018-04-27T19:55:57.743Z - info: Using extension public-templates
2018-04-27T19:55:58.792Z - info: Initializing fs storage at C:\Users\QCompany\data
2018-04-27T19:55:59.046Z - info: Creating default express app.
2018-04-27T19:56:00.489Z - info: jsreport server successfully started on http port: 5488
2018-04-27T19:56:00.795Z - info: Verifying license key free
2018-04-27T19:56:00.799Z - info: Using free license
2018-04-27T19:56:01.253Z - info: reporter initialized
2018-04-27T20:21:39.500Z - info: Starting rendering request 1 (user: null) requestId=1
2018-04-27T20:21:39.506Z - info: Rendering template {shortid:HJH11D83ce, recipe:phantom-pdf, engine:handlebars, preview:true} requestId=1
2018-04-27T20:21:40.334Z - error: Error when processing render request Error during rendering report: Unsupported module in scripts: http. To enable require on particular module, you need to update the configuration as {"scripts": { "allowedModules": ["http"] } } ... Alternatively you can also set "*" to allowedModules to enable everything C:\Users\QCompany\node_modules\jsreport-scripts\lib\scriptEvalChild.js:44
    throw new Error('Unsupported module in scripts: ' + moduleName + '. To enable require on particular module, you need to update the configuration as ' +
    ^

Error: Unsupported module in scripts: http. To enable require on particular module, you need to update the configuration as {"scripts": { "allowedModules": ["http"] } } ... Alternatively you can also set "*" to allowedModules to enable everything
    at _require (C:\Users\QCompany\node_modules\jsreport-scripts\lib\scriptEvalChild.js:44:11)
    at evalmachine.<anonymous>:2:12
    at Script.runInContext (vm.js:74:29)
    at Script.runInNewContext (vm.js:80:15)
    at Object.runInNewContext (vm.js:195:38)
    at module.exports (C:\Users\QCompany\node_modules\jsreport-scripts\lib\scriptEvalChild.js:123:6)
    at process.<anonymous> (C:\Users\QCompany\node_modules\script-manager\lib\worker-processes.js:48:36)
    at process.emit (events.js:160:13)
    at emit (internal/child_process.js:790:12)
    at process._tickCallback (internal/process/next_tick.js:152:19) requestId=1
2018-04-27T20:21:40.336Z - error: Error during processing request: http://localhost:5488/api/report/Orders details: Error during rendering report: Unsupported module in scripts: http. To enable require on particular module, you need to update the configuration as {"scripts": { "allowedModules": ["http"] } } ... Alternatively you can also set "*" to allowedModules to enable everything C:\Users\QCompany\node_modules\jsreport-scripts\lib\scriptEvalChild.js:44
    throw new Error('Unsupported module in scripts: ' + moduleName + '. To enable require on particular module, you need to update the configuration as ' +
    ^

Error: Unsupported module in scripts: http. To enable require on particular module, you need to update the configuration as {"scripts": { "allowedModules": ["http"] } } ... Alternatively you can also set "*" to allowedModules to enable everything
    at _require (C:\Users\QCompany\node_modules\jsreport-scripts\lib\scriptEvalChild.js:44:11)
    at evalmachine.<anonymous>:2:12
    at Script.runInContext (vm.js:74:29)
    at Script.runInNewContext (vm.js:80:15)
    at Object.runInNewContext (vm.js:195:38)
    at module.exports (C:\Users\QCompany\node_modules\jsreport-scripts\lib\scriptEvalChild.js:123:6)
    at process.<anonymous> (C:\Users\QCompany\node_modules\script-manager\lib\worker-processes.js:48:36)
    at process.emit (events.js:160:13)
    at emit (internal/child_process.js:790:12)
    at process._tickCallback (internal/process/next_tick.js:152:19)
2018-04-27T20:24:33.627Z - info: Starting rendering request 2 (user: null) requestId=2
2018-04-27T20:24:33.629Z - info: Rendering template {shortid:HJH11D83ce, recipe:phantom-pdf, engine:handlebars, preview:true} requestId=2
2018-04-27T20:24:33.992Z - error: Error when processing render request Error during rendering report: Unsupported module in scripts: http. To enable require on particular module, you need to update the configuration as {"scripts": { "allowedModules": ["http"] } } ... Alternatively you can also set "*" to allowedModules to enable everything C:\Users\QCompany\node_modules\jsreport-scripts\lib\scriptEvalChild.js:44
    throw new Error('Unsupported module in scripts: ' + moduleName + '. To enable require on particular module, you need to update the configuration as ' +
    ^

Error: Unsupported module in scripts: http. To enable require on particular module, you need to update the configuration as {"scripts": { "allowedModules": ["http"] } } ... Alternatively you can also set "*" to allowedModules to enable everything
    at _require (C:\Users\QCompany\node_modules\jsreport-scripts\lib\scriptEvalChild.js:44:11)
    at evalmachine.<anonymous>:2:12
    at Script.runInContext (vm.js:74:29)
    at Script.runInNewContext (vm.js:80:15)
    at Object.runInNewContext (vm.js:195:38)
    at module.exports (C:\Users\QCompany\node_modules\jsreport-scripts\lib\scriptEvalChild.js:123:6)
    at process.<anonymous> (C:\Users\QCompany\node_modules\script-manager\lib\worker-processes.js:48:36)
    at process.emit (events.js:160:13)
    at emit (internal/child_process.js:790:12)
    at process._tickCallback (internal/process/next_tick.js:152:19) requestId=2
2018-04-27T20:24:33.994Z - error: Error during processing request: http://localhost:5488/api/report/Orders details: Error during rendering report: Unsupported module in scripts: http. To enable require on particular module, you need to update the configuration as {"scripts": { "allowedModules": ["http"] } } ... Alternatively you can also set "*" to allowedModules to enable everything C:\Users\QCompany\node_modules\jsreport-scripts\lib\scriptEvalChild.js:44
    throw new Error('Unsupported module in scripts: ' + moduleName + '. To enable require on particular module, you need to update the configuration as ' +
    ^

Error: Unsupported module in scripts: http. To enable require on particular module, you need to update the configuration as {"scripts": { "allowedModules": ["http"] } } ... Alternatively you can also set "*" to allowedModules to enable everything
    at _require (C:\Users\QCompany\node_modules\jsreport-scripts\lib\scriptEvalChild.js:44:11)
    at evalmachine.<anonymous>:2:12
    at Script.runInContext (vm.js:74:29)
    at Script.runInNewContext (vm.js:80:15)
    at Object.runInNewContext (vm.js:195:38)
    at module.exports (C:\Users\QCompany\node_modules\jsreport-scripts\lib\scriptEvalChild.js:123:6)
    at process.<anonymous> (C:\Users\QCompany\node_modules\script-manager\lib\worker-processes.js:48:36)
    at process.emit (events.js:160:13)
    at emit (internal/child_process.js:790:12)
    at process._tickCallback (internal/process/next_tick.js:152:19)
2018-04-27T20:25:24.646Z - info: Initializing jsreport@1.10.0 in development mode using configuration file: jsreport.config.json
2018-04-27T20:25:24.649Z - info: Setting process based strategy for rendering. Please visit http://jsreport.net/learn/configuration for information how to get more performance.
2018-04-27T20:25:24.674Z - info: Searching for available extensions in C:\Users\QCompany\
2018-04-27T20:25:24.706Z - info: Extensions location cache contains up to date information, skipping crawling in C:\Users\QCompany\node_modules\
2018-04-27T20:35:10.366Z - info: Initializing jsreport@1.10.0 in development mode using configuration file: jsreport.config.json
2018-04-27T20:35:11.144Z - info: Searching for available extensions in C:\Users\QCompany\
2018-04-27T20:35:11.216Z - info: Extensions location cache contains up to date information, skipping crawling in C:\Users\QCompany\node_modules\
2018-04-27T20:38:35.957Z - info: Found 31 extensions
2018-04-27T20:38:36.045Z - info: Using extension fop-pdf
2018-04-27T20:38:36.880Z - info: Using extension cli
2018-04-27T20:38:36.887Z - info: Using extension cli
2018-04-27T20:38:36.890Z - info: Using extension debug
2018-04-27T20:38:36.914Z - info: Using extension express
2018-04-27T20:38:40.586Z - info: Using extension handlebars
2018-04-27T20:38:40.678Z - info: Using extension import-export
2018-04-27T20:38:46.058Z - info: Using extension jsrender
2018-04-27T20:38:46.070Z - info: Using extension templates
2018-04-27T20:38:46.170Z - info: Using extension tags
2018-04-27T20:38:46.601Z - info: Using extension browser-client
2018-04-27T20:38:46.648Z - info: Using extension fs-store
2018-04-27T20:38:54.551Z - info: Using extension child-templates
2018-04-27T20:38:54.681Z - info: Using extension html-to-xlsx
2018-04-27T20:38:57.488Z - info: Using extension text
2018-04-27T20:38:57.512Z - info: Using extension images
2018-04-27T20:38:58.180Z - info: Using extension data
2018-04-27T20:38:58.840Z - info: Using extension licensing
2018-04-27T20:39:00.666Z - info: Using extension phantom-pdf
2018-04-27T20:39:02.003Z - info: Using extension authorization
2018-04-27T20:39:03.067Z - info: Using extension reports
2018-04-27T20:39:03.754Z - info: Using extension resources
2018-04-27T20:39:04.384Z - info: Using extension base
2018-04-27T20:39:04.413Z - info: Using extension studio
2018-04-27T20:39:05.761Z - info: Using extension scripts
2018-04-27T20:39:06.420Z - info: Using extension scheduling
2018-04-27T20:39:06.865Z - info: Using extension assets
2018-04-27T20:39:07.003Z - info: Using extension xlsx
2018-04-27T20:39:11.945Z - info: Using extension sample-template
2018-04-27T20:39:12.586Z - info: Using extension public-templates
2018-04-27T20:39:13.577Z - info: Initializing fs storage at C:\Users\QCompany\data
2018-04-27T20:39:14.115Z - info: Creating default express app.
2018-04-27T20:39:15.952Z - info: jsreport server successfully started on https port: 443
2018-04-27T20:39:15.953Z - info: jsreport server successfully started on http port: 8081
2018-04-27T20:39:16.118Z - info: Verifying license key free
2018-04-27T20:39:16.125Z - info: Using free license
2018-04-27T20:39:16.131Z - info: reporter initialized
2018-04-27T21:08:03.783Z - info: Starting rendering request 1 (user: null) requestId=1
2018-04-27T21:08:03.787Z - info: Rendering template {shortid:rkJTnK2ce, recipe:phantom-pdf, engine:handlebars, preview:true} requestId=1
2018-04-27T21:08:10.395Z - info: Rendering request 1 finished in 6614 ms requestId=1
2018-04-27T21:09:22.150Z - info: Starting rendering request 2 (user: null) requestId=2
2018-04-27T21:09:22.155Z - info: Rendering template {shortid:rkJTnK2ce, recipe:phantom-pdf, engine:handlebars, preview:true} requestId=2
2018-04-27T21:09:22.272Z - info: Rendering request 2 finished in 141 ms requestId=2
2018-04-27T21:10:01.904Z - info: Starting rendering request 3 (user: null) requestId=3
2018-04-27T21:10:01.907Z - info: Rendering template {shortid:rkJTnK2ce, recipe:phantom-pdf, engine:handlebars, preview:true} requestId=3
2018-04-27T21:10:01.985Z - info: Rendering request 3 finished in 84 ms requestId=3
2018-04-27T21:10:30.374Z - info: Starting rendering request 4 (user: null) requestId=4
2018-04-27T21:10:30.381Z - info: Rendering template {shortid:rkJTnK2ce, recipe:phantom-pdf, engine:handlebars, preview:true} requestId=4
2018-04-27T21:10:30.460Z - info: Rendering request 4 finished in 91 ms requestId=4
2018-04-27T21:10:51.279Z - info: Starting rendering request 5 (user: null) requestId=5
2018-04-27T21:10:51.282Z - info: Rendering template {shortid:rkJTnK2ce, recipe:phantom-pdf, engine:handlebars, preview:true} requestId=5
2018-04-27T21:10:51.486Z - info: Rendering request 5 finished in 210 ms requestId=5
2018-04-27T21:11:20.362Z - info: Starting rendering request 6 (user: null) requestId=6
2018-04-27T21:11:20.365Z - info: Rendering template {shortid:rkJTnK2ce, recipe:phantom-pdf, engine:handlebars, preview:true} requestId=6
2018-04-27T21:11:20.573Z - info: Rendering request 6 finished in 215 ms requestId=6
2018-04-27T21:11:37.344Z - info: Starting rendering request 7 (user: null) requestId=7
2018-04-27T21:11:37.349Z - info: Rendering template {shortid:rkJTnK2ce, recipe:phantom-pdf, engine:handlebars, preview:true} requestId=7
2018-04-27T21:11:37.554Z - info: Rendering request 7 finished in 215 ms requestId=7
2018-04-27T21:12:10.447Z - info: Starting rendering request 8 (user: null) requestId=8
2018-04-27T21:12:10.450Z - info: Rendering template {shortid:rkJTnK2ce, recipe:phantom-pdf, engine:handlebars, preview:true} requestId=8
2018-04-27T21:12:10.651Z - info: Rendering request 8 finished in 206 ms requestId=8
2018-04-27T21:13:13.242Z - info: Starting rendering request 9 (user: null) requestId=9
2018-04-27T21:13:13.247Z - info: Rendering template {shortid:rkJTnK2ce, recipe:phantom-pdf, engine:handlebars, preview:true} requestId=9
2018-04-27T21:13:13.455Z - info: Rendering request 9 finished in 217 ms requestId=9
2018-04-27T21:13:33.221Z - info: Starting rendering request 10 (user: null) requestId=10
2018-04-27T21:13:33.223Z - info: Rendering template {shortid:rkJTnK2ce, recipe:phantom-pdf, engine:handlebars, preview:true} requestId=10
2018-04-27T21:13:33.422Z - info: Rendering request 10 finished in 207 ms requestId=10
2018-04-27T21:14:47.005Z - info: Starting rendering request 11 (user: null) requestId=11
2018-04-27T21:14:47.007Z - info: Rendering template {shortid:rkJTnK2ce, recipe:phantom-pdf, engine:handlebars, preview:true} requestId=11
2018-04-27T21:14:47.236Z - info: Rendering request 11 finished in 235 ms requestId=11
2018-04-27T21:14:55.918Z - info: Starting rendering request 12 (user: null) requestId=12
2018-04-27T21:14:55.921Z - info: Rendering template {shortid:rkJTnK2ce, recipe:phantom-pdf, engine:handlebars, preview:true} requestId=12
2018-04-27T21:14:56.185Z - info: Rendering request 12 finished in 277 ms requestId=12
2018-04-27T21:15:09.948Z - info: Starting rendering request 13 (user: null) requestId=13
2018-04-27T21:15:09.951Z - info: Rendering template {shortid:rkJTnK2ce, recipe:phantom-pdf, engine:handlebars, preview:true} requestId=13
2018-04-27T21:15:10.155Z - info: Rendering request 13 finished in 212 ms requestId=13
2018-04-27T21:17:16.886Z - info: Starting rendering request 14 (user: null) requestId=14
2018-04-27T21:17:16.889Z - info: Rendering template {shortid:rkJTnK2ce, recipe:phantom-pdf, engine:handlebars, preview:true} requestId=14
2018-04-27T21:17:17.103Z - info: Rendering request 14 finished in 220 ms requestId=14
2018-04-27T21:18:36.105Z - info: Starting rendering request 15 (user: null) requestId=15
2018-04-27T21:18:36.109Z - info: Rendering template {shortid:rkJTnK2ce, recipe:phantom-pdf, engine:handlebars, preview:true} requestId=15
2018-04-27T21:18:36.316Z - info: Rendering request 15 finished in 218 ms requestId=15
2018-04-27T21:18:46.414Z - info: Starting rendering request 16 (user: null) requestId=16
2018-04-27T21:18:46.418Z - info: Rendering template {shortid:rkJTnK2ce, recipe:phantom-pdf, engine:handlebars, preview:true} requestId=16
2018-04-27T21:18:46.628Z - info: Rendering request 16 finished in 220 ms requestId=16
2018-04-27T21:19:03.384Z - info: Starting rendering request 17 (user: null) requestId=17
2018-04-27T21:19:03.387Z - info: Rendering template {shortid:rkJTnK2ce, recipe:phantom-pdf, engine:handlebars, preview:true} requestId=17
2018-04-27T21:19:03.588Z - info: Rendering request 17 finished in 207 ms requestId=17
2018-04-27T21:19:26.181Z - info: Starting rendering request 18 (user: null) requestId=18
2018-04-27T21:19:26.184Z - info: Rendering template {shortid:rkJTnK2ce, recipe:phantom-pdf, engine:handlebars, preview:true} requestId=18
2018-04-27T21:19:26.400Z - info: Rendering request 18 finished in 235 ms requestId=18
2018-04-27T21:19:46.657Z - info: Starting rendering request 19 (user: null) requestId=19
2018-04-27T21:19:46.659Z - info: Rendering template {shortid:rkJTnK2ce, recipe:phantom-pdf, engine:handlebars, preview:true} requestId=19
2018-04-27T21:19:46.871Z - info: Rendering request 19 finished in 219 ms requestId=19
2018-04-27T21:19:59.306Z - info: Starting rendering request 20 (user: null) requestId=20
2018-04-27T21:19:59.310Z - info: Rendering template {shortid:rkJTnK2ce, recipe:phantom-pdf, engine:handlebars, preview:true} requestId=20
2018-04-27T21:19:59.523Z - info: Rendering request 20 finished in 223 ms requestId=20
2018-04-27T21:20:11.484Z - info: Starting rendering request 21 (user: null) requestId=21
2018-04-27T21:20:11.486Z - info: Rendering template {shortid:rkJTnK2ce, recipe:phantom-pdf, engine:handlebars, preview:true} requestId=21
2018-04-27T21:20:11.693Z - info: Rendering request 21 finished in 213 ms requestId=21
2018-04-27T21:20:27.764Z - info: Starting rendering request 22 (user: null) requestId=22
2018-04-27T21:20:27.773Z - info: Rendering template {shortid:rkJTnK2ce, recipe:phantom-pdf, engine:handlebars, preview:true} requestId=22
2018-04-27T21:20:28.104Z - info: Rendering request 22 finished in 357 ms requestId=22
2018-04-27T21:21:02.599Z - info: Starting rendering request 23 (user: null) requestId=23
2018-04-27T21:21:02.601Z - info: Rendering template {shortid:rkJTnK2ce, recipe:phantom-pdf, engine:handlebars, preview:true} requestId=23
2018-04-27T21:21:02.858Z - info: Rendering request 23 finished in 261 ms requestId=23
2018-04-27T21:21:24.595Z - info: Starting rendering request 24 (user: null) requestId=24
2018-04-27T21:21:24.599Z - info: Rendering template {shortid:rkJTnK2ce, recipe:phantom-pdf, engine:handlebars, preview:true} requestId=24
2018-04-27T21:21:24.812Z - info: Rendering request 24 finished in 222 ms requestId=24
2018-04-27T21:22:09.207Z - info: Starting rendering request 25 (user: null) requestId=25
2018-04-27T21:22:09.214Z - info: Rendering template {shortid:rkJTnK2ce, recipe:phantom-pdf, engine:handlebars, preview:true} requestId=25
2018-04-27T21:22:09.430Z - info: Rendering request 25 finished in 226 ms requestId=25
2018-04-27T21:22:18.937Z - info: Starting rendering request 26 (user: null) requestId=26
2018-04-27T21:22:18.939Z - info: Rendering template {shortid:rkJTnK2ce, recipe:phantom-pdf, engine:handlebars, preview:true} requestId=26
2018-04-27T21:22:19.188Z - info: Rendering request 26 finished in 255 ms requestId=26
2018-04-27T21:22:42.752Z - info: Starting rendering request 27 (user: null) requestId=27
2018-04-27T21:22:42.754Z - info: Rendering template {shortid:rkJTnK2ce, recipe:phantom-pdf, engine:handlebars, preview:true} requestId=27
2018-04-27T21:22:42.976Z - info: Rendering request 27 finished in 228 ms requestId=27
2018-04-27T21:23:06.758Z - info: Starting rendering request 28 (user: null) requestId=28
2018-04-27T21:23:06.761Z - info: Rendering template {shortid:rkJTnK2ce, recipe:phantom-pdf, engine:handlebars, preview:true} requestId=28
2018-04-27T21:23:06.965Z - info: Rendering request 28 finished in 205 ms requestId=28
2018-04-27T21:23:11.698Z - info: Starting rendering request 29 (user: null) requestId=29
2018-04-27T21:23:11.702Z - info: Rendering template {shortid:rkJTnK2ce, recipe:phantom-pdf, engine:handlebars, preview:true} requestId=29
2018-04-27T21:23:11.907Z - info: Rendering request 29 finished in 210 ms requestId=29
2018-04-27T21:23:38.527Z - info: Starting rendering request 30 (user: null) requestId=30
2018-04-27T21:23:38.530Z - info: Rendering template {shortid:rkJTnK2ce, recipe:phantom-pdf, engine:handlebars, preview:true} requestId=30
2018-04-27T21:23:38.733Z - info: Rendering request 30 finished in 208 ms requestId=30
2018-04-27T21:24:00.488Z - info: Starting rendering request 31 (user: null) requestId=31
2018-04-27T21:24:00.490Z - info: Rendering template {shortid:rkJTnK2ce, recipe:phantom-pdf, engine:handlebars, preview:true} requestId=31
2018-04-27T21:24:00.687Z - info: Rendering request 31 finished in 225 ms requestId=31
2018-04-27T21:24:05.012Z - info: Starting rendering request 32 (user: null) requestId=32
2018-04-27T21:24:05.017Z - info: Rendering template {shortid:rkJTnK2ce, recipe:phantom-pdf, engine:handlebars, preview:true} requestId=32
2018-04-27T21:24:05.257Z - info: Rendering request 32 finished in 251 ms requestId=32
2018-04-27T21:24:28.619Z - info: Starting rendering request 33 (user: null) requestId=33
2018-04-27T21:24:28.624Z - info: Rendering template {shortid:rkJTnK2ce, recipe:phantom-pdf, engine:handlebars, preview:true} requestId=33
2018-04-27T21:24:28.827Z - info: Rendering request 33 finished in 210 ms requestId=33
2018-04-27T21:24:52.238Z - info: Starting rendering request 34 (user: null) requestId=34
2018-04-27T21:24:52.241Z - info: Rendering template {shortid:rkJTnK2ce, recipe:phantom-pdf, engine:handlebars, preview:true} requestId=34
2018-04-27T21:24:52.760Z - info: Rendering request 34 finished in 524 ms requestId=34
2018-04-27T21:27:08.219Z - info: Starting rendering request 35 (user: null) requestId=35
2018-04-27T21:27:08.222Z - info: Rendering template {shortid:rkJTnK2ce, recipe:phantom-pdf, engine:handlebars, preview:false} requestId=35
2018-04-27T21:27:08.732Z - info: Rendering request 35 finished in 548 ms requestId=35
2018-04-27T21:29:09.118Z - info: Starting rendering request 36 (user: null) requestId=36
2018-04-27T21:29:09.120Z - info: Rendering template {shortid:HJH11D83ce, recipe:phantom-pdf, engine:handlebars, preview:true} requestId=36
2018-04-27T21:29:12.548Z - info: Rendering request 36 finished in 3434 ms requestId=36
2018-04-27T21:29:34.034Z - info: Starting rendering request 37 (user: null) requestId=37
2018-04-27T21:29:34.044Z - info: Rendering template {shortid:r18kyD83ce, recipe:xlsx, engine:handlebars, preview:true} requestId=37
2018-04-27T21:29:37.188Z - info: Rendering request 37 finished in 3152 ms requestId=37
2018-04-27T22:15:42.534Z - info: Starting rendering request 38 (user: null) requestId=38
2018-04-27T22:15:42.628Z - info: Rendering template {shortid:HJH11D83ce, recipe:phantom-pdf, engine:handlebars, preview:true} requestId=38
2018-04-27T22:15:49.015Z - info: Rendering request 38 finished in 6590 ms requestId=38
2018-04-27T22:19:05.640Z - info: Starting rendering request 39 (user: null) requestId=39
2018-04-27T22:19:05.644Z - info: Rendering template {shortid:rkJTnK2ce, recipe:phantom-pdf, engine:handlebars, preview:true} requestId=39
2018-04-27T22:19:06.169Z - info: Rendering request 39 finished in 530 ms requestId=39
2018-04-27T22:19:34.497Z - info: Starting rendering request 40 (user: null) requestId=40
2018-04-27T22:19:34.503Z - info: Rendering template {shortid:rkJTnK2ce, recipe:phantom-pdf, engine:handlebars, preview:true} requestId=40
2018-04-27T22:19:34.973Z - info: Rendering request 40 finished in 491 ms requestId=40
2018-04-27T22:29:22.363Z - info: Starting rendering request 41 (user: null) requestId=41
2018-04-27T22:29:22.372Z - info: Rendering template {shortid:rkJTnK2ce, recipe:phantom-pdf, engine:handlebars, preview:true} requestId=41
2018-04-27T22:29:22.791Z - info: Rendering request 41 finished in 437 ms requestId=41
2018-04-27T22:29:31.632Z - info: Starting rendering request 42 (user: null) requestId=42
2018-04-27T22:29:31.639Z - info: Rendering template {shortid:rkJTnK2ce, recipe:phantom-pdf, engine:handlebars, preview:true} requestId=42
2018-04-27T22:29:32.072Z - info: Rendering request 42 finished in 440 ms requestId=42
2018-04-27T22:29:57.262Z - info: Starting rendering request 43 (user: null) requestId=43
2018-04-27T22:29:57.270Z - info: Rendering template {shortid:rkJTnK2ce, recipe:phantom-pdf, engine:handlebars, preview:true} requestId=43
2018-04-27T22:29:57.722Z - info: Rendering request 43 finished in 467 ms requestId=43
2018-04-27T22:30:35.620Z - info: Starting rendering request 44 (user: null) requestId=44
2018-04-27T22:30:35.624Z - info: Rendering template {shortid:rkJTnK2ce, recipe:phantom-pdf, engine:handlebars, preview:true} requestId=44
2018-04-27T22:30:36.043Z - info: Rendering request 44 finished in 437 ms requestId=44
2018-04-27T22:30:56.334Z - info: Starting rendering request 45 (user: null) requestId=45
2018-04-27T22:30:56.337Z - info: Rendering template {shortid:rkJTnK2ce, recipe:phantom-pdf, engine:handlebars, preview:true} requestId=45
2018-04-27T22:30:56.798Z - info: Rendering request 45 finished in 461 ms requestId=45
2018-04-27T22:31:20.205Z - info: Starting rendering request 46 (user: null) requestId=46
2018-04-27T22:31:20.206Z - info: Rendering template {shortid:rkJTnK2ce, recipe:phantom-pdf, engine:handlebars, preview:true} requestId=46
2018-04-27T22:31:20.705Z - info: Rendering request 46 finished in 500 ms requestId=46
2018-04-27T22:31:46.437Z - info: Starting rendering request 47 (user: null) requestId=47
2018-04-27T22:31:46.439Z - info: Rendering template {shortid:rkJTnK2ce, recipe:phantom-pdf, engine:handlebars, preview:true} requestId=47
2018-04-27T22:31:46.869Z - info: Rendering request 47 finished in 437 ms requestId=47
2018-04-27T22:32:18.213Z - info: Starting rendering request 48 (user: null) requestId=48
2018-04-27T22:32:18.215Z - info: Rendering template {shortid:rkJTnK2ce, recipe:phantom-pdf, engine:handlebars, preview:true} requestId=48
2018-04-27T22:32:18.745Z - info: Rendering request 48 finished in 533 ms requestId=48
2018-04-27T22:33:54.441Z - info: Starting rendering request 49 (user: null) requestId=49
2018-04-27T22:33:54.443Z - info: Rendering template {shortid:rkJTnK2ce, recipe:phantom-pdf, engine:handlebars, preview:true} requestId=49
2018-04-27T22:33:54.973Z - info: Rendering request 49 finished in 538 ms requestId=49
2018-04-27T22:39:42.988Z - info: Starting rendering request 50 (user: null) requestId=50
2018-04-27T22:39:42.990Z - info: Rendering template {shortid:rkJTnK2ce, recipe:phantom-pdf, engine:handlebars, preview:true} requestId=50
2018-04-27T22:39:43.360Z - info: Rendering request 50 finished in 378 ms requestId=50
